Build started 2014.03.13. 1:19:26.
     1>Project "f:\CSIKI\BME\6\graf\1\spline\spline\spline.vcxproj" on node 2 (Build target(s)).
     1>ClCompile:
         C:\Program Files (x86)\Microsoft Visual Studio 11.0\VC\bin\CL.exe /c /ZI /nologo /W3 /WX- /sdl /Od /Oy- /D WIN32 /D _DEBUG /D _CONSOLE /D _UNICODE /D UNICODE /Gm /EHsc /RTC1 /MDd /GS /fp:precise /Zc:wchar_t /Zc:forScope /Fo"Debug\\" /Fd"Debug\vc110.pdb" /Gd /TP /analyze- /errorReport:prompt main.cpp
         main.cpp
     1>f:\csiki\bme\6\graf\1\spline\spline\main.cpp(223): warning C4244: 'argument' : conversion from 'double' to 'float', possible loss of data
     1>f:\csiki\bme\6\graf\1\spline\spline\main.cpp(224): warning C4244: 'argument' : conversion from 'double' to 'float', possible loss of data
     1>f:\csiki\bme\6\graf\1\spline\spline\main.cpp(226): warning C4244: 'argument' : conversion from 'double' to 'float', possible loss of data
     1>f:\csiki\bme\6\graf\1\spline\spline\main.cpp(227): warning C4244: 'argument' : conversion from 'double' to 'float', possible loss of data
     1>f:\csiki\bme\6\graf\1\spline\spline\main.cpp(230): warning C4244: 'argument' : conversion from 'double' to 'float', possible loss of data
     1>f:\csiki\bme\6\graf\1\spline\spline\main.cpp(231): warning C4244: 'argument' : conversion from 'double' to 'float', possible loss of data
     1>f:\csiki\bme\6\graf\1\spline\spline\main.cpp(232): warning C4244: 'argument' : conversion from 'double' to 'float', possible loss of data
     1>f:\csiki\bme\6\graf\1\spline\spline\main.cpp(258): warning C4244: 'initializing' : conversion from 'double' to 'float', possible loss of data
     1>f:\csiki\bme\6\graf\1\spline\spline\main.cpp(274): warning C4244: 'argument' : conversion from 'double' to 'float', possible loss of data
     1>f:\csiki\bme\6\graf\1\spline\spline\main.cpp(275): warning C4244: 'argument' : conversion from 'double' to 'float', possible loss of data
     1>f:\csiki\bme\6\graf\1\spline\spline\main.cpp(287): warning C4244: 'argument' : conversion from 'double' to 'float', possible loss of data
     1>f:\csiki\bme\6\graf\1\spline\spline\main.cpp(288): warning C4244: 'argument' : conversion from 'double' to 'float', possible loss of data
     1>f:\csiki\bme\6\graf\1\spline\spline\main.cpp(290): warning C4244: 'argument' : conversion from 'double' to 'float', possible loss of data
     1>f:\csiki\bme\6\graf\1\spline\spline\main.cpp(291): warning C4244: 'argument' : conversion from 'double' to 'float', possible loss of data
     1>f:\csiki\bme\6\graf\1\spline\spline\main.cpp(294): warning C4244: 'argument' : conversion from 'double' to 'float', possible loss of data
     1>f:\csiki\bme\6\graf\1\spline\spline\main.cpp(301): warning C4244: 'initializing' : conversion from 'double' to 'float', possible loss of data
     1>f:\csiki\bme\6\graf\1\spline\spline\main.cpp(395): warning C4305: 'initializing' : truncation from 'double' to 'float'
     1>f:\csiki\bme\6\graf\1\spline\spline\main.cpp(444): warning C4305: 'argument' : truncation from 'double' to 'float'
     1>f:\csiki\bme\6\graf\1\spline\spline\main.cpp(484): warning C4244: 'argument' : conversion from 'int' to 'float', possible loss of data
     1>f:\csiki\bme\6\graf\1\spline\spline\main.cpp(492): warning C4244: '=' : conversion from 'float' to 'int', possible loss of data
     1>f:\csiki\bme\6\graf\1\spline\spline\main.cpp(493): warning C4244: '=' : conversion from 'float' to 'int', possible loss of data
     1>f:\csiki\bme\6\graf\1\spline\spline\main.cpp(503): warning C4244: 'initializing' : conversion from 'double' to 'float', possible loss of data
     1>f:\csiki\bme\6\graf\1\spline\spline\main.cpp(513): warning C4305: 'argument' : truncation from 'double' to 'float'
       Link:
         C:\Program Files (x86)\Microsoft Visual Studio 11.0\VC\bin\link.exe /ERRORREPORT:PROMPT /OUT:"F:\CSIKI\BME\6\graf\1\spline\Debug\spline.exe" /INCREMENTAL /NOLOGO kernel32.lib user32.lib gdi32.lib winspool.lib comdlg32.lib advapi32.lib shell32.lib ole32.lib oleaut32.lib uuid.lib odbc32.lib odbccp32.lib /MANIFEST /MANIFESTUAC:"level='asInvoker' uiAccess='false'" /manifest:embed /DEBUG /PDB:"F:\CSIKI\BME\6\graf\1\spline\Debug\spline.pdb" /SUBSYSTEM:CONSOLE /TLBID:1 /DYNAMICBASE /NXCOMPAT /IMPLIB:"F:\CSIKI\BME\6\graf\1\spline\Debug\spline.lib" /MACHINE:X86 Debug\main.obj
         spline.vcxproj -> F:\CSIKI\BME\6\graf\1\spline\Debug\spline.exe
     1>Done Building Project "f:\CSIKI\BME\6\graf\1\spline\spline\spline.vcxproj" (Build target(s)).

Build succeeded.

Time Elapsed 00:00:02.44
